0x0x600000:7f 45 4c 46 02 01 01 00 00 00 00 00 00 00 00 00 
0x0x600010:02 00 3e 00 01 00 00 00 00 05 40 00 00 00 00 00 
0x0x600020:40 00 00 00 00 00 00 00 28 21 00 00 00 00 00 00 
0x0x600030:00 00 00 00 40 00 38 00 09 00 40 00 24 00 21 00 
0x0x600040:06 00 00 00 05 00 00 00 40 00 00 00 00 00 00 00 
0x0x600050:40 00 40 00 00 00 00 00 40 00 40 00 00 00 00 00 
0x0x600060:f8 01 00 00 00 00 00 00 f8 01 00 00 00 00 00 00 
0x0x600070:08 00 00 00 00 00 00 00 03 00 00 00 04 00 00 00 
0x0x600080:38 02 00 00 00 00 00 00 38 02 40 00 00 00 00 00 
0x0x600090:38 02 40 00 00 00 00 00 1c 00 00 00 00 00 00 00 
0x0x6000a0:1c 00 00 00 00 00 00 00 01 00 00 00 00 00 00 00 
0x0x6000b0:01 00 00 00 05 00 00 00 00 00 00 00 00 00 00 00 
0x0x6000c0:00 00 40 00 00 00 00 00 00 00 40 00 00 00 00 00 
0x0x6000d0:04 0c 00 00 00 00 00 00 04 0c 00 00 00 00 00 00 
0x0x6000e0:00 00 20 00 00 00 00 00 01 00 00 00 06 00 00 00 
0x0x6000f0:10 0e 00 00 00 00 00 00 10 0e 60 00 00 00 00 00 
0x0x600100:10 0e 60 00 00 00 00 00 50 02 00 00 00 00 00 00 
0x0x600110:60 02 00 00 00 00 00 00 00 00 20 00 00 00 00 00 
0x0x600120:02 00 00 00 06 00 00 00 28 0e 00 00 00 00 00 00 
0x0x600130:28 0e 60 00 00 00 00 00 28 0e 60 00 00 00 00 00 
0x0x600140:d0 01 00 00 00 00 00 00 d0 01 00 00 00 00 00 00 
0x0x600150:08 00 00 00 00 00 00 00 04 00 00 00 04 00 00 00 
0x0x600160:54 02 00 00 00 00 00 00 54 02 40 00 00 00 00 00 
0x0x600170:54 02 40 00 00 00 00 00 44 00 00 00 00 00 00 00 
0x0x600180:44 00 00 00 00 00 00 00 04 00 00 00 00 00 00 00 
0x0x600190:50 e5 74 64 04 00 00 00 8c 0a 00 00 00 00 00 00 
0x0x6001a0:8c 0a 40 00 00 00 00 00 8c 0a 40 00 00 00 00 00 
0x0x6001b0:44 00 00 00 00 00 00 00 44 00 00 00 00 00 00 00 
0x0x6001c0:04 00 00 00 00 00 00 00 51 e5 74 64 06 00 00 00 
0x0x6001d0:00 00 00 00 00 00 00 00 00 00 00 00 00 00 00 00 
0x0x6001e0:00 00 00 00 00 00 00 00 00 00 00 00 00 00 00 00 
0x0x6001f0:00 00 00 00 00 00 00 00 10 00 00 00 00 00 00 00 
0x0x600200:52 e5 74 64 04 00 00 00 10 0e 00 00 00 00 00 00 
0x0x600210:10 0e 60 00 00 00 00 00 10 0e 60 00 00 00 00 00 
0x0x600220:f0 01 00 00 00 00 00 00 f0 01 00 00 00 00 00 00 
0x0x600230:01 00 00 00 00 00 00 00 2f 6c 69 62 36 34 2f 6c 
0x0x600240:64 2d 6c 69 6e 75 78 2d 78 38 36 2d 36 34 2e 73 
0x0x600250:6f 2e 32 00 04 00 00 00 10 00 00 00 01 00 00 00 
0x0x600260:47 4e 55 00 00 00 00 00 02 00 00 00 06 00 00 00 
0x0x600270:20 00 00 00 04 00 00 00 14 00 00 00 03 00 00 00 
0x0x600280:47 4e 55 00 af ed 8a 5b be 26 6a 4f d4 6f 15 3b 
0x0x600290:25 2b 80 c8 72 c2 10 ea 01 00 00 00 01 00 00 00 
0x0x6002a0:01 00 00 00 00 00 00 00 00 00 00 00 00 00 00 00 
0x0x6002b0:00 00 00 00 00 00 00 00 00 00 00 00 00 00 00 00 
0x0x6002c0:00 00 00 00 00 00 00 00 00 00 00 00 00 00 00 00 
0x0x6002d0:10 00 00 00 12 00 00 00 00 00 00 00 00 00 00 00 
0x0x6002e0:00 00 00 00 00 00 00 00 0b 00 00 00 12 00 00 00 
0x0x6002f0:00 00 00 00 00 00 00 00 00 00 00 00 00 00 00 00 
0x0x600300:18 00 00 00 12 00 00 00 00 00 00 00 00 00 00 00 
0x0x600310:00 00 00 00 00 00 00 00 25 00 00 00 12 00 00 00 
0x0x600320:00 00 00 00 00 00 00 00 00 00 00 00 00 00 00 00 
0x0x600330:37 00 00 00 20 00 00 00 00 00 00 00 00 00 00 00 
0x0x600340:00 00 00 00 00 00 00 00 1f 00 00 00 12 00 00 00 
0x0x600350:00 00 00 00 00 00 00 00 00 00 00 00 00 00 00 00 
0x0x600360:00 6c 69 62 63 2e 73 6f 2e 36 00 70 75 74 73 00 
0x0x600370:70 75 74 63 68 61 72 00 70 72 69 6e 74 66 00 73 
0x0x600380:6c 65 65 70 00 5f 5f 6c 69 62 63 5f 73 74 61 72 
0x0x600390:74 5f 6d 61 69 6e 00 5f 5f 67 6d 6f 6e 5f 73 74 
0x0x6003a0:61 72 74 5f 5f 00 47 4c 49 42 43 5f 32 2e 32 2e 
0x0x6003b0:35 00 00 00 02 00 02 00 02 00 02 00 00 00 02 00 
0x0x6003c0:01 00 01 00 01 00 00 00 10 00 00 00 00 00 00 00 
0x0x6003d0:75 1a 69 09 00 00 02 00 46 00 00 00 00 00 00 00 
0x0x6003e0:f8 0f 60 00 00 00 00 00 06 00 00 00 05 00 00 00 
0x0x6003f0:00 00 00 00 00 00 00 00 18 10 60 00 00 00 00 00 
0x0x600400:07 00 00 00 01 00 00 00 00 00 00 00 00 00 00 00 
0x0x600410:20 10 60 00 00 00 00 00 07 00 00 00 02 00 00 00 
0x0x600420:00 00 00 00 00 00 00 00 28 10 60 00 00 00 00 00 
0x0x600430:07 00 00 00 03 00 00 00 00 00 00 00 00 00 00 00 
0x0x600440:30 10 60 00 00 00 00 00 07 00 00 00 04 00 00 00 
0x0x600450:00 00 00 00 00 00 00 00 38 10 60 00 00 00 00 00 
0x0x600460:07 00 00 00 06 00 00 00 00 00 00 00 00 00 00 00 
0x0x600470:48 83 ec 08 48 8b 05 7d 0b 20 00 48 85 c0 74 05 
0x0x600480:e8 6b 00 00 00 48 83 c4 08 c3 00 00 00 00 00 00 
0x0x600490:ff 35 72 0b 20 00 ff 25 74 0b 20 00 0f 1f 40 00 
0x0x6004a0:ff 25 72 0b 20 00 68 00 00 00 00 e9 e0 ff ff ff 
0x0x6004b0:ff 25 6a 0b 20 00 68 01 00 00 00 e9 d0 ff ff ff 
0x0x6004c0:ff 25 62 0b 20 00 68 02 00 00 00 e9 c0 ff ff ff 
0x0x6004d0:ff 25 5a 0b 20 00 68 03 00 00 00 e9 b0 ff ff ff 
0x0x6004e0:ff 25 52 0b 20 00 68 04 00 00 00 e9 a0 ff ff ff 
0x0x6004f0:ff 25 02 0b 20 00 66 90 00 00 00 00 00 00 00 00 
0x0x600500:31 ed 49 89 d1 5e 48 89 e2 48 83 e4 f0 50 54 49 
0x0x600510:c7 c0 f0 08 40 00 48 c7 c1 80 08 40 00 48 c7 c7 
0x0x600520:b9 06 40 00 e8 a7 ff ff ff f4 66 0f 1f 44 00 00 
0x0x600530:b8 67 10 60 00 55 48 2d 60 10 60 00 48 83 f8 0e 
0x0x600540:48 89 e5 76 1b b8 00 00 00 00 48 85 c0 74 11 5d 
0x0x600550:bf 60 10 60 00 ff e0 66 0f 1f 84 00 00 00 00 00 
0x0x600560:5d c3 0f 1f 40 00 66 2e 0f 1f 84 00 00 00 00 00 
0x0x600570:be 60 10 60 00 55 48 81 ee 60 10 60 00 48 c1 fe 
0x0x600580:03 48 89 e5 48 89 f0 48 c1 e8 3f 48 01 c6 48 d1 
0x0x600590:fe 74 15 b8 00 00 00 00 48 85 c0 74 0b 5d bf 60 
0x0x6005a0:10 60 00 ff e0 0f 1f 00 5d c3 66 0f 1f 44 00 00 
0x0x6005b0:80 3d a9 0a 20 00 00 75 11 55 48 89 e5 e8 6e ff 
0x0x6005c0:ff ff 5d c6 05 96 0a 20 00 01 f3 c3 0f 1f 40 00 
0x0x6005d0:bf 20 0e 60 00 48 83 3f 00 75 05 eb 93 0f 1f 00 
0x0x6005e0:b8 00 00 00 00 48 85 c0 74 f1 55 48 89 e5 ff d0 
0x0x6005f0:5d e9 7a ff ff ff 55 48 89 e5 bf 44 09 40 00 e8 
0x0x600600:ac fe ff ff b8 00 00 00 00 5d c3 55 48 89 e5 48 
0x0x600610:83 ec 20 48 89 7d e8 89 75 e4 c7 45 f0 00 00 00 
0x0x600620:00 8b 45 e4 89 45 f4 48 c7 45 f8 00 00 00 00 48 
0x0x600630:8b 45 e8 48 89 45 f8 c7 45 f0 00 00 00 00 eb 6e 
0x0x600640:8b 45 f0 83 e0 0f 85 c0 75 1f 8b 45 f0 48 63 d0 
0x0x600650:48 8b 45 f8 48 01 d0 48 89 c6 bf 50 09 40 00 b8 
0x0x600660:00 00 00 00 e8 57 fe ff ff 8b 45 f0 48 63 d0 48 
0x0x600670:8b 45 f8 48 01 d0 0f b6 00 0f b6 c0 89 c6 bf 56 
0x0x600680:09 40 00 b8 00 00 00 00 e8 33 fe ff ff 8b 45 f0 
0x0x600690:99 c1 ea 1c 01 d0 83 e0 0f 29 d0 83 f8 0f 75 0a 
0x0x6006a0:bf 0a 00 00 00 e8 f6 fd ff ff 83 45 f0 01 8b 45 
0x0x6006b0:f0 3b 45 f4 7c 8a 90 c9 c3 55 48 89 e5 48 83 ec 
0x0x6006c0:20 c7 45 ec 01 00 00 00 c7 45 f0 02 00 00 00 8b 
0x0x6006d0:55 ec 8b 45 f0 01 d0 89 45 f4 48 c7 45 f8 00 00 
0x0x6006e0:00 00 48 c7 45 f8 f6 05 40 00 be 00 10 00 00 bf 
0x0x6006f0:00 00 60 00 e8 12 ff ff ff be 00 10 00 00 bf 00 
0x0x600700:00 40 00 e8 03 ff ff ff be 00 10 00 00 bf 00 10 
0x0x600710:60 00 e8 f4 fe ff ff 8b 05 4b 09 20 00 83 c0 01 
0x0x600720:89 05 42 09 20 00 8b 05 3c 09 20 00 83 c0 04 89 
0x0x600730:05 37 09 20 00 bf 60 09 40 00 e8 71 fd ff ff 8b 
0x0x600740:05 23 09 20 00 89 c6 bf 83 09 40 00 b8 00 00 00 
0x0x600750:00 e8 6a fd ff ff be b9 06 40 00 bf 8f 09 40 00 
0x0x600760:b8 00 00 00 00 e8 56 fd ff ff 8b 05 fc 08 20 00 
0x0x600770:89 c2 be 6c 10 60 00 bf 98 09 40 00 b8 00 00 00 
0x0x600780:00 e8 3a fd ff ff b8 00 00 00 00 89 c2 be 10 09 
0x0x600790:40 00 bf ac 09 40 00 b8 00 00 00 00 e8 1f fd ff 
0x0x6007a0:ff 8b 05 a9 08 20 00 89 c2 be 50 10 60 00 bf c1 
0x0x6007b0:09 40 00 b8 00 00 00 00 e8 03 fd ff ff be f6 05 
0x0x6007c0:40 00 bf d6 09 40 00 b8 00 00 00 00 e8 ef fc ff 
0x0x6007d0:ff 48 8b 05 80 08 20 00 48 89 c2 48 8b 05 76 08 
0x0x6007e0:20 00 48 89 d1 48 89 c2 be 58 10 60 00 bf e8 09 
0x0x6007f0:40 00 b8 00 00 00 00 e8 c4 fc ff ff 8b 05 62 08 
0x0x600800:20 00 89 c2 be 64 10 60 00 bf 11 0a 40 00 b8 00 
0x0x600810:00 00 00 e8 a8 fc ff ff be 14 09 40 00 bf 28 0a 
0x0x600820:40 00 b8 00 00 00 00 e8 94 fc ff ff b8 30 09 40 
0x0x600830:00 48 89 c1 ba 30 09 40 00 be 30 09 40 00 bf 40 
0x0x600840:0a 40 00 b8 00 00 00 00 e8 73 fc ff ff 48 8b 55 
0x0x600850:f8 b8 00 00 00 00 ff d2 bf 68 0a 40 00 e8 4e fc 
0x0x600860:ff ff bf 0a 00 00 00 e8 74 fc ff ff e9 a6 fe ff 
0x0x600870:ff 66 2e 0f 1f 84 00 00 00 00 00 0f 1f 44 00 00 
0x0x600880:41 57 41 56 41 89 ff 41 55 41 54 4c 8d 25 7e 05 
0x0x600890:20 00 55 48 8d 2d 7e 05 20 00 53 49 89 f6 49 89 
0x0x6008a0:d5 4c 29 e5 48 83 ec 08 48 c1 fd 03 e8 bf fb ff 
0x0x6008b0:ff 48 85 ed 74 20 31 db 0f 1f 84 00 00 00 00 00 
0x0x6008c0:4c 89 ea 4c 89 f6 44 89 ff 41 ff 14 dc 48 83 c3 
0x0x6008d0:01 48 39 eb 75 ea 48 83 c4 08 5b 5d 41 5c 41 5d 
0x0x6008e0:41 5e 41 5f c3 90 66 2e 0f 1f 84 00 00 00 00 00 
0x0x6008f0:f3 c3 00 00 48 83 ec 08 48 83 c4 08 c3 00 00 00 
0x0x600900:01 00 02 00 00 00 00 00 00 00 00 00 00 00 00 00 
0x0x600910:00 00 00 00 6e 65 63 65 20 74 6f 20 6d 65 65 74 
0x0x600920:20 79 6f 75 00 00 00 00 00 00 00 00 00 00 00 00 
0x0x600930:67 6c 61 64 20 74 6f 20 74 61 6c 6b 20 74 6f 20 
0x0x600940:79 6f 75 00 66 75 6e 63 20 63 61 6c 6c 65 64 00 
0x0x600950:30 78 25 70 3a 00 25 30 32 78 20 00 00 00 00 00 
0x0x600960:3d 3d 3d 3d 3d 3d 3d 3d 3d 3d 3d 3d 3d 62 65 67 
0x0x600970:69 6e 3d 3d 3d 3d 3d 3d 3d 3d 3d 3d 3d 3d 3d 3d 
0x0x600980:3d 3d 00 63 6f 75 6e 74 20 3d 20 25 64 0a 00 6d 
0x0x600990:61 69 6e 20 25 70 0a 00 67 20 61 64 64 72 20 25 
0x0x6009a0:70 2c 76 61 6c 75 65 20 25 64 0a 00 66 20 61 64 
0x0x6009b0:64 72 20 25 70 2c 20 76 61 6c 75 65 20 25 64 0a 
0x0x6009c0:00 6d 20 61 64 64 72 20 25 70 2c 20 76 61 6c 75 
0x0x6009d0:65 20 25 64 0a 00 66 75 6e 63 20 61 64 64 72 20 
0x0x6009e0:25 70 0a 00 00 00 00 00 73 74 72 69 6e 67 20 61 
0x0x6009f0:64 64 72 20 25 70 2c 20 63 6f 6e 74 65 6e 74 20 
0x0x600a00:25 73 20 76 61 6c 75 65 20 30 78 25 6c 6c 78 0a 
0x0x600a10:00 73 20 61 64 64 72 20 25 70 2c 20 73 20 76 61 
0x0x600a20:6c 75 65 20 25 64 0a 00 73 74 72 69 6e 67 20 61 
0x0x600a30:67 61 69 6e 20 25 73 0a 00 00 00 00 00 00 00 00 
0x0x600a40:61 72 72 61 79 20 61 64 64 72 20 25 70 2c 63 6f 
0x0x600a50:6e 74 65 6e 74 20 25 73 20 76 61 6c 75 65 20 30 
0x0x600a60:78 25 6c 6c 78 0a 00 00 3d 3d 3d 3d 3d 3d 3d 3d 
0x0x600a70:3d 3d 3d 3d 3d 65 6e 64 3d 3d 3d 3d 3d 3d 3d 3d 
0x0x600a80:3d 3d 3d 3d 3d 3d 3d 3d 00 00 00 00 01 1b 03 3b 
0x0x600a90:40 00 00 00 07 00 00 00 04 fa ff ff 8c 00 00 00 
0x0x600aa0:74 fa ff ff 5c 00 00 00 6a fb ff ff b4 00 00 00 
0x0x600ab0:7f fb ff ff d4 00 00 00 2d fc ff ff f4 00 00 00 
0x0x600ac0:f4 fd ff ff 14 01 00 00 64 fe ff ff 5c 01 00 00 
0x0x600ad0:14 00 00 00 00 00 00 00 01 7a 52 00 01 78 10 01 
0x0x600ae0:1b 0c 07 08 90 01 07 10 14 00 00 00 1c 00 00 00 
0x0x600af0:10 fa ff ff 2a 00 00 00 00 00 00 00 00 00 00 00 
0x0x600b00:14 00 00 00 00 00 00 00 01 7a 52 00 01 78 10 01 
0x0x600b10:1b 0c 07 08 90 01 00 00 24 00 00 00 1c 00 00 00 
0x0x600b20:70 f9 ff ff 60 00 00 00 00 0e 10 46 0e 18 4a 0f 
0x0x600b30:0b 77 08 80 00 3f 1a 3b 2a 33 24 22 00 00 00 00 
0x0x600b40:1c 00 00 00 44 00 00 00 ae fa ff ff 15 00 00 00 
0x0x600b50:00 41 0e 10 86 02 43 0d 06 50 0c 07 08 00 00 00 
0x0x600b60:1c 00 00 00 64 00 00 00 a3 fa ff ff ae 00 00 00 
0x0x600b70:00 41 0e 10 86 02 43 0d 06 02 a9 0c 07 08 00 00 
0x0x600b80:1c 00 00 00 84 00 00 00 31 fb ff ff b8 01 00 00 
0x0x600b90:00 41 0e 10 86 02 43 0d 06 00 00 00 00 00 00 00 
0x0x600ba0:44 00 00 00 a4 00 00 00 d8 fc ff ff 65 00 00 00 
0x0x600bb0:00 42 0e 10 8f 02 42 0e 18 8e 03 45 0e 20 8d 04 
0x0x600bc0:42 0e 28 8c 05 48 0e 30 86 06 48 0e 38 83 07 4d 
0x0x600bd0:0e 40 72 0e 38 41 0e 30 41 0e 28 42 0e 20 42 0e 
0x0x600be0:18 42 0e 10 42 0e 08 00 14 00 00 00 ec 00 00 00 
0x0x600bf0:00 fd ff ff 02 00 00 00 00 00 00 00 00 00 00 00 
0x0x600c00:00 00 00 00 00 00 00 00 00 00 00 00 00 00 00 00 
0x0x600c10:00 00 00 00 00 00 00 00 00 00 00 00 00 00 00 00 
0x0x600c20:00 00 00 00 00 00 00 00 00 00 00 00 00 00 00 00 
0x0x600c30:00 00 00 00 00 00 00 00 00 00 00 00 00 00 00 00 
0x0x600c40:00 00 00 00 00 00 00 00 00 00 00 00 00 00 00 00 
0x0x600c50:00 00 00 00 00 00 00 00 00 00 00 00 00 00 00 00 
0x0x600c60:00 00 00 00 00 00 00 00 00 00 00 00 00 00 00 00 
0x0x600c70:00 00 00 00 00 00 00 00 00 00 00 00 00 00 00 00 
0x0x600c80:00 00 00 00 00 00 00 00 00 00 00 00 00 00 00 00 
0x0x600c90:00 00 00 00 00 00 00 00 00 00 00 00 00 00 00 00 
0x0x600ca0:00 00 00 00 00 00 00 00 00 00 00 00 00 00 00 00 
0x0x600cb0:00 00 00 00 00 00 00 00 00 00 00 00 00 00 00 00 
0x0x600cc0:00 00 00 00 00 00 00 00 00 00 00 00 00 00 00 00 
0x0x600cd0:00 00 00 00 00 00 00 00 00 00 00 00 00 00 00 00 
0x0x600ce0:00 00 00 00 00 00 00 00 00 00 00 00 00 00 00 00 
0x0x600cf0:00 00 00 00 00 00 00 00 00 00 00 00 00 00 00 00 
0x0x600d00:00 00 00 00 00 00 00 00 00 00 00 00 00 00 00 00 
0x0x600d10:00 00 00 00 00 00 00 00 00 00 00 00 00 00 00 00 
0x0x600d20:00 00 00 00 00 00 00 00 00 00 00 00 00 00 00 00 
0x0x600d30:00 00 00 00 00 00 00 00 00 00 00 00 00 00 00 00 
0x0x600d40:00 00 00 00 00 00 00 00 00 00 00 00 00 00 00 00 
0x0x600d50:00 00 00 00 00 00 00 00 00 00 00 00 00 00 00 00 
0x0x600d60:00 00 00 00 00 00 00 00 00 00 00 00 00 00 00 00 
0x0x600d70:00 00 00 00 00 00 00 00 00 00 00 00 00 00 00 00 
0x0x600d80:00 00 00 00 00 00 00 00 00 00 00 00 00 00 00 00 
0x0x600d90:00 00 00 00 00 00 00 00 00 00 00 00 00 00 00 00 
0x0x600da0:00 00 00 00 00 00 00 00 00 00 00 00 00 00 00 00 
0x0x600db0:00 00 00 00 00 00 00 00 00 00 00 00 00 00 00 00 
0x0x600dc0:00 00 00 00 00 00 00 00 00 00 00 00 00 00 00 00 
0x0x600dd0:00 00 00 00 00 00 00 00 00 00 00 00 00 00 00 00 
0x0x600de0:00 00 00 00 00 00 00 00 00 00 00 00 00 00 00 00 
0x0x600df0:00 00 00 00 00 00 00 00 00 00 00 00 00 00 00 00 
0x0x600e00:00 00 00 00 00 00 00 00 00 00 00 00 00 00 00 00 
0x0x600e10:d0 05 40 00 00 00 00 00 b0 05 40 00 00 00 00 00 
0x0x600e20:00 00 00 00 00 00 00 00 01 00 00 00 00 00 00 00 
0x0x600e30:01 00 00 00 00 00 00 00 0c 00 00 00 00 00 00 00 
0x0x600e40:70 04 40 00 00 00 00 00 0d 00 00 00 00 00 00 00 
0x0x600e50:f4 08 40 00 00 00 00 00 19 00 00 00 00 00 00 00 
0x0x600e60:10 0e 60 00 00 00 00 00 1b 00 00 00 00 00 00 00 
0x0x600e70:08 00 00 00 00 00 00 00 1a 00 00 00 00 00 00 00 
0x0x600e80:18 0e 60 00 00 00 00 00 1c 00 00 00 00 00 00 00 
0x0x600e90:08 00 00 00 00 00 00 00 f5 fe ff 6f 00 00 00 00 
0x0x600ea0:98 02 40 00 00 00 00 00 05 00 00 00 00 00 00 00 
0x0x600eb0:60 03 40 00 00 00 00 00 06 00 00 00 00 00 00 00 
0x0x600ec0:b8 02 40 00 00 00 00 00 0a 00 00 00 00 00 00 00 
0x0x600ed0:52 00 00 00 00 00 00 00 0b 00 00 00 00 00 00 00 
0x0x600ee0:18 00 00 00 00 00 00 00 15 00 00 00 00 00 00 00 
0x0x600ef0:40 21 3d 97 38 7f 00 00 03 00 00 00 00 00 00 00 
0x0x600f00:00 10 60 00 00 00 00 00 02 00 00 00 00 00 00 00 
0x0x600f10:78 00 00 00 00 00 00 00 14 00 00 00 00 00 00 00 
0x0x600f20:07 00 00 00 00 00 00 00 17 00 00 00 00 00 00 00 
0x0x600f30:f8 03 40 00 00 00 00 00 07 00 00 00 00 00 00 00 
0x0x600f40:e0 03 40 00 00 00 00 00 08 00 00 00 00 00 00 00 
0x0x600f50:18 00 00 00 00 00 00 00 09 00 00 00 00 00 00 00 
0x0x600f60:18 00 00 00 00 00 00 00 fe ff ff 6f 00 00 00 00 
0x0x600f70:c0 03 40 00 00 00 00 00 ff ff ff 6f 00 00 00 00 
0x0x600f80:01 00 00 00 00 00 00 00 f0 ff ff 6f 00 00 00 00 
0x0x600f90:b2 03 40 00 00 00 00 00 00 00 00 00 00 00 00 00 
0x0x600fa0:00 00 00 00 00 00 00 00 00 00 00 00 00 00 00 00 
0x0x600fb0:00 00 00 00 00 00 00 00 00 00 00 00 00 00 00 00 
0x0x600fc0:00 00 00 00 00 00 00 00 00 00 00 00 00 00 00 00 
0x0x600fd0:00 00 00 00 00 00 00 00 00 00 00 00 00 00 00 00 
0x0x600fe0:00 00 00 00 00 00 00 00 00 00 00 00 00 00 00 00 
0x0x600ff0:00 00 00 00 00 00 00 00 00 00 00 00 00 00 00 00 
0x0x400000:7f 45 4c 46 02 01 01 00 00 00 00 00 00 00 00 00 
0x0x400010:02 00 3e 00 01 00 00 00 00 05 40 00 00 00 00 00 
0x0x400020:40 00 00 00 00 00 00 00 28 21 00 00 00 00 00 00 
0x0x400030:00 00 00 00 40 00 38 00 09 00 40 00 24 00 21 00 
0x0x400040:06 00 00 00 05 00 00 00 40 00 00 00 00 00 00 00 
0x0x400050:40 00 40 00 00 00 00 00 40 00 40 00 00 00 00 00 
0x0x400060:f8 01 00 00 00 00 00 00 f8 01 00 00 00 00 00 00 
0x0x400070:08 00 00 00 00 00 00 00 03 00 00 00 04 00 00 00 
0x0x400080:38 02 00 00 00 00 00 00 38 02 40 00 00 00 00 00 
0x0x400090:38 02 40 00 00 00 00 00 1c 00 00 00 00 00 00 00 
0x0x4000a0:1c 00 00 00 00 00 00 00 01 00 00 00 00 00 00 00 
0x0x4000b0:01 00 00 00 05 00 00 00 00 00 00 00 00 00 00 00 
0x0x4000c0:00 00 40 00 00 00 00 00 00 00 40 00 00 00 00 00 
0x0x4000d0:04 0c 00 00 00 00 00 00 04 0c 00 00 00 00 00 00 
0x0x4000e0:00 00 20 00 00 00 00 00 01 00 00 00 06 00 00 00 
0x0x4000f0:10 0e 00 00 00 00 00 00 10 0e 60 00 00 00 00 00 
0x0x400100:10 0e 60 00 00 00 00 00 50 02 00 00 00 00 00 00 
0x0x400110:60 02 00 00 00 00 00 00 00 00 20 00 00 00 00 00 
0x0x400120:02 00 00 00 06 00 00 00 28 0e 00 00 00 00 00 00 
0x0x400130:28 0e 60 00 00 00 00 00 28 0e 60 00 00 00 00 00 
0x0x400140:d0 01 00 00 00 00 00 00 d0 01 00 00 00 00 00 00 
0x0x400150:08 00 00 00 00 00 00 00 04 00 00 00 04 00 00 00 
0x0x400160:54 02 00 00 00 00 00 00 54 02 40 00 00 00 00 00 
0x0x400170:54 02 40 00 00 00 00 00 44 00 00 00 00 00 00 00 
0x0x400180:44 00 00 00 00 00 00 00 04 00 00 00 00 00 00 00 
0x0x400190:50 e5 74 64 04 00 00 00 8c 0a 00 00 00 00 00 00 
0x0x4001a0:8c 0a 40 00 00 00 00 00 8c 0a 40 00 00 00 00 00 
0x0x4001b0:44 00 00 00 00 00 00 00 44 00 00 00 00 00 00 00 
0x0x4001c0:04 00 00 00 00 00 00 00 51 e5 74 64 06 00 00 00 
0x0x4001d0:00 00 00 00 00 00 00 00 00 00 00 00 00 00 00 00 
0x0x4001e0:00 00 00 00 00 00 00 00 00 00 00 00 00 00 00 00 
0x0x4001f0:00 00 00 00 00 00 00 00 10 00 00 00 00 00 00 00 
0x0x400200:52 e5 74 64 04 00 00 00 10 0e 00 00 00 00 00 00 
0x0x400210:10 0e 60 00 00 00 00 00 10 0e 60 00 00 00 00 00 
0x0x400220:f0 01 00 00 00 00 00 00 f0 01 00 00 00 00 00 00 
0x0x400230:01 00 00 00 00 00 00 00 2f 6c 69 62 36 34 2f 6c 
0x0x400240:64 2d 6c 69 6e 75 78 2d 78 38 36 2d 36 34 2e 73 
0x0x400250:6f 2e 32 00 04 00 00 00 10 00 00 00 01 00 00 00 
0x0x400260:47 4e 55 00 00 00 00 00 02 00 00 00 06 00 00 00 
0x0x400270:20 00 00 00 04 00 00 00 14 00 00 00 03 00 00 00 
0x0x400280:47 4e 55 00 af ed 8a 5b be 26 6a 4f d4 6f 15 3b 
0x0x400290:25 2b 80 c8 72 c2 10 ea 01 00 00 00 01 00 00 00 
0x0x4002a0:01 00 00 00 00 00 00 00 00 00 00 00 00 00 00 00 
0x0x4002b0:00 00 00 00 00 00 00 00 00 00 00 00 00 00 00 00 
0x0x4002c0:00 00 00 00 00 00 00 00 00 00 00 00 00 00 00 00 
0x0x4002d0:10 00 00 00 12 00 00 00 00 00 00 00 00 00 00 00 
0x0x4002e0:00 00 00 00 00 00 00 00 0b 00 00 00 12 00 00 00 
0x0x4002f0:00 00 00 00 00 00 00 00 00 00 00 00 00 00 00 00 
0x0x400300:18 00 00 00 12 00 00 00 00 00 00 00 00 00 00 00 
0x0x400310:00 00 00 00 00 00 00 00 25 00 00 00 12 00 00 00 
0x0x400320:00 00 00 00 00 00 00 00 00 00 00 00 00 00 00 00 
0x0x400330:37 00 00 00 20 00 00 00 00 00 00 00 00 00 00 00 
0x0x400340:00 00 00 00 00 00 00 00 1f 00 00 00 12 00 00 00 
0x0x400350:00 00 00 00 00 00 00 00 00 00 00 00 00 00 00 00 
0x0x400360:00 6c 69 62 63 2e 73 6f 2e 36 00 70 75 74 73 00 
0x0x400370:70 75 74 63 68 61 72 00 70 72 69 6e 74 66 00 73 
0x0x400380:6c 65 65 70 00 5f 5f 6c 69 62 63 5f 73 74 61 72 
0x0x400390:74 5f 6d 61 69 6e 00 5f 5f 67 6d 6f 6e 5f 73 74 
0x0x4003a0:61 72 74 5f 5f 00 47 4c 49 42 43 5f 32 2e 32 2e 
0x0x4003b0:35 00 00 00 02 00 02 00 02 00 02 00 00 00 02 00 
0x0x4003c0:01 00 01 00 01 00 00 00 10 00 00 00 00 00 00 00 
0x0x4003d0:75 1a 69 09 00 00 02 00 46 00 00 00 00 00 00 00 
0x0x4003e0:f8 0f 60 00 00 00 00 00 06 00 00 00 05 00 00 00 
0x0x4003f0:00 00 00 00 00 00 00 00 18 10 60 00 00 00 00 00 
0x0x400400:07 00 00 00 01 00 00 00 00 00 00 00 00 00 00 00 
0x0x400410:20 10 60 00 00 00 00 00 07 00 00 00 02 00 00 00 
0x0x400420:00 00 00 00 00 00 00 00 28 10 60 00 00 00 00 00 
0x0x400430:07 00 00 00 03 00 00 00 00 00 00 00 00 00 00 00 
0x0x400440:30 10 60 00 00 00 00 00 07 00 00 00 04 00 00 00 
0x0x400450:00 00 00 00 00 00 00 00 38 10 60 00 00 00 00 00 
0x0x400460:07 00 00 00 06 00 00 00 00 00 00 00 00 00 00 00 
0x0x400470:48 83 ec 08 48 8b 05 7d 0b 20 00 48 85 c0 74 05 
0x0x400480:e8 6b 00 00 00 48 83 c4 08 c3 00 00 00 00 00 00 
0x0x400490:ff 35 72 0b 20 00 ff 25 74 0b 20 00 0f 1f 40 00 
0x0x4004a0:ff 25 72 0b 20 00 68 00 00 00 00 e9 e0 ff ff ff 
0x0x4004b0:ff 25 6a 0b 20 00 68 01 00 00 00 e9 d0 ff ff ff 
0x0x4004c0:ff 25 62 0b 20 00 68 02 00 00 00 e9 c0 ff ff ff 
0x0x4004d0:ff 25 5a 0b 20 00 68 03 00 00 00 e9 b0 ff ff ff 
0x0x4004e0:ff 25 52 0b 20 00 68 04 00 00 00 e9 a0 ff ff ff 
0x0x4004f0:ff 25 02 0b 20 00 66 90 00 00 00 00 00 00 00 00 
0x0x400500:31 ed 49 89 d1 5e 48 89 e2 48 83 e4 f0 50 54 49 
0x0x400510:c7 c0 f0 08 40 00 48 c7 c1 80 08 40 00 48 c7 c7 
0x0x400520:b9 06 40 00 e8 a7 ff ff ff f4 66 0f 1f 44 00 00 
0x0x400530:b8 67 10 60 00 55 48 2d 60 10 60 00 48 83 f8 0e 
0x0x400540:48 89 e5 76 1b b8 00 00 00 00 48 85 c0 74 11 5d 
0x0x400550:bf 60 10 60 00 ff e0 66 0f 1f 84 00 00 00 00 00 
0x0x400560:5d c3 0f 1f 40 00 66 2e 0f 1f 84 00 00 00 00 00 
0x0x400570:be 60 10 60 00 55 48 81 ee 60 10 60 00 48 c1 fe 
0x0x400580:03 48 89 e5 48 89 f0 48 c1 e8 3f 48 01 c6 48 d1 
0x0x400590:fe 74 15 b8 00 00 00 00 48 85 c0 74 0b 5d bf 60 
0x0x4005a0:10 60 00 ff e0 0f 1f 00 5d c3 66 0f 1f 44 00 00 
0x0x4005b0:80 3d a9 0a 20 00 00 75 11 55 48 89 e5 e8 6e ff 
0x0x4005c0:ff ff 5d c6 05 96 0a 20 00 01 f3 c3 0f 1f 40 00 
0x0x4005d0:bf 20 0e 60 00 48 83 3f 00 75 05 eb 93 0f 1f 00 
0x0x4005e0:b8 00 00 00 00 48 85 c0 74 f1 55 48 89 e5 ff d0 
0x0x4005f0:5d e9 7a ff ff ff 55 48 89 e5 bf 44 09 40 00 e8 
0x0x400600:ac fe ff ff b8 00 00 00 00 5d c3 55 48 89 e5 48 
0x0x400610:83 ec 20 48 89 7d e8 89 75 e4 c7 45 f0 00 00 00 
0x0x400620:00 8b 45 e4 89 45 f4 48 c7 45 f8 00 00 00 00 48 
0x0x400630:8b 45 e8 48 89 45 f8 c7 45 f0 00 00 00 00 eb 6e 
0x0x400640:8b 45 f0 83 e0 0f 85 c0 75 1f 8b 45 f0 48 63 d0 
0x0x400650:48 8b 45 f8 48 01 d0 48 89 c6 bf 50 09 40 00 b8 
0x0x400660:00 00 00 00 e8 57 fe ff ff 8b 45 f0 48 63 d0 48 
0x0x400670:8b 45 f8 48 01 d0 0f b6 00 0f b6 c0 89 c6 bf 56 
0x0x400680:09 40 00 b8 00 00 00 00 e8 33 fe ff ff 8b 45 f0 
0x0x400690:99 c1 ea 1c 01 d0 83 e0 0f 29 d0 83 f8 0f 75 0a 
0x0x4006a0:bf 0a 00 00 00 e8 f6 fd ff ff 83 45 f0 01 8b 45 
0x0x4006b0:f0 3b 45 f4 7c 8a 90 c9 c3 55 48 89 e5 48 83 ec 
0x0x4006c0:20 c7 45 ec 01 00 00 00 c7 45 f0 02 00 00 00 8b 
0x0x4006d0:55 ec 8b 45 f0 01 d0 89 45 f4 48 c7 45 f8 00 00 
0x0x4006e0:00 00 48 c7 45 f8 f6 05 40 00 be 00 10 00 00 bf 
0x0x4006f0:00 00 60 00 e8 12 ff ff ff be 00 10 00 00 bf 00 
0x0x400700:00 40 00 e8 03 ff ff ff be 00 10 00 00 bf 00 10 
0x0x400710:60 00 e8 f4 fe ff ff 8b 05 4b 09 20 00 83 c0 01 
0x0x400720:89 05 42 09 20 00 8b 05 3c 09 20 00 83 c0 04 89 
0x0x400730:05 37 09 20 00 bf 60 09 40 00 e8 71 fd ff ff 8b 
0x0x400740:05 23 09 20 00 89 c6 bf 83 09 40 00 b8 00 00 00 
0x0x400750:00 e8 6a fd ff ff be b9 06 40 00 bf 8f 09 40 00 
0x0x400760:b8 00 00 00 00 e8 56 fd ff ff 8b 05 fc 08 20 00 
0x0x400770:89 c2 be 6c 10 60 00 bf 98 09 40 00 b8 00 00 00 
0x0x400780:00 e8 3a fd ff ff b8 00 00 00 00 89 c2 be 10 09 
0x0x400790:40 00 bf ac 09 40 00 b8 00 00 00 00 e8 1f fd ff 
0x0x4007a0:ff 8b 05 a9 08 20 00 89 c2 be 50 10 60 00 bf c1 
0x0x4007b0:09 40 00 b8 00 00 00 00 e8 03 fd ff ff be f6 05 
0x0x4007c0:40 00 bf d6 09 40 00 b8 00 00 00 00 e8 ef fc ff 
0x0x4007d0:ff 48 8b 05 80 08 20 00 48 89 c2 48 8b 05 76 08 
0x0x4007e0:20 00 48 89 d1 48 89 c2 be 58 10 60 00 bf e8 09 
0x0x4007f0:40 00 b8 00 00 00 00 e8 c4 fc ff ff 8b 05 62 08 
0x0x400800:20 00 89 c2 be 64 10 60 00 bf 11 0a 40 00 b8 00 
0x0x400810:00 00 00 e8 a8 fc ff ff be 14 09 40 00 bf 28 0a 
0x0x400820:40 00 b8 00 00 00 00 e8 94 fc ff ff b8 30 09 40 
0x0x400830:00 48 89 c1 ba 30 09 40 00 be 30 09 40 00 bf 40 
0x0x400840:0a 40 00 b8 00 00 00 00 e8 73 fc ff ff 48 8b 55 
0x0x400850:f8 b8 00 00 00 00 ff d2 bf 68 0a 40 00 e8 4e fc 
0x0x400860:ff ff bf 0a 00 00 00 e8 74 fc ff ff e9 a6 fe ff 
0x0x400870:ff 66 2e 0f 1f 84 00 00 00 00 00 0f 1f 44 00 00 
0x0x400880:41 57 41 56 41 89 ff 41 55 41 54 4c 8d 25 7e 05 
0x0x400890:20 00 55 48 8d 2d 7e 05 20 00 53 49 89 f6 49 89 
0x0x4008a0:d5 4c 29 e5 48 83 ec 08 48 c1 fd 03 e8 bf fb ff 
0x0x4008b0:ff 48 85 ed 74 20 31 db 0f 1f 84 00 00 00 00 00 
0x0x4008c0:4c 89 ea 4c 89 f6 44 89 ff 41 ff 14 dc 48 83 c3 
0x0x4008d0:01 48 39 eb 75 ea 48 83 c4 08 5b 5d 41 5c 41 5d 
0x0x4008e0:41 5e 41 5f c3 90 66 2e 0f 1f 84 00 00 00 00 00 
0x0x4008f0:f3 c3 00 00 48 83 ec 08 48 83 c4 08 c3 00 00 00 
0x0x400900:01 00 02 00 00 00 00 00 00 00 00 00 00 00 00 00 
0x0x400910:00 00 00 00 6e 65 63 65 20 74 6f 20 6d 65 65 74 
0x0x400920:20 79 6f 75 00 00 00 00 00 00 00 00 00 00 00 00 
0x0x400930:67 6c 61 64 20 74 6f 20 74 61 6c 6b 20 74 6f 20 
0x0x400940:79 6f 75 00 66 75 6e 63 20 63 61 6c 6c 65 64 00 
0x0x400950:30 78 25 70 3a 00 25 30 32 78 20 00 00 00 00 00 
0x0x400960:3d 3d 3d 3d 3d 3d 3d 3d 3d 3d 3d 3d 3d 62 65 67 
0x0x400970:69 6e 3d 3d 3d 3d 3d 3d 3d 3d 3d 3d 3d 3d 3d 3d 
0x0x400980:3d 3d 00 63 6f 75 6e 74 20 3d 20 25 64 0a 00 6d 
0x0x400990:61 69 6e 20 25 70 0a 00 67 20 61 64 64 72 20 25 
0x0x4009a0:70 2c 76 61 6c 75 65 20 25 64 0a 00 66 20 61 64 
0x0x4009b0:64 72 20 25 70 2c 20 76 61 6c 75 65 20 25 64 0a 
0x0x4009c0:00 6d 20 61 64 64 72 20 25 70 2c 20 76 61 6c 75 
0x0x4009d0:65 20 25 64 0a 00 66 75 6e 63 20 61 64 64 72 20 
0x0x4009e0:25 70 0a 00 00 00 00 00 73 74 72 69 6e 67 20 61 
0x0x4009f0:64 64 72 20 25 70 2c 20 63 6f 6e 74 65 6e 74 20 
0x0x400a00:25 73 20 76 61 6c 75 65 20 30 78 25 6c 6c 78 0a 
0x0x400a10:00 73 20 61 64 64 72 20 25 70 2c 20 73 20 76 61 
0x0x400a20:6c 75 65 20 25 64 0a 00 73 74 72 69 6e 67 20 61 
0x0x400a30:67 61 69 6e 20 25 73 0a 00 00 00 00 00 00 00 00 
0x0x400a40:61 72 72 61 79 20 61 64 64 72 20 25 70 2c 63 6f 
0x0x400a50:6e 74 65 6e 74 20 25 73 20 76 61 6c 75 65 20 30 
0x0x400a60:78 25 6c 6c 78 0a 00 00 3d 3d 3d 3d 3d 3d 3d 3d 
0x0x400a70:3d 3d 3d 3d 3d 65 6e 64 3d 3d 3d 3d 3d 3d 3d 3d 
0x0x400a80:3d 3d 3d 3d 3d 3d 3d 3d 00 00 00 00 01 1b 03 3b 
0x0x400a90:40 00 00 00 07 00 00 00 04 fa ff ff 8c 00 00 00 
0x0x400aa0:74 fa ff ff 5c 00 00 00 6a fb ff ff b4 00 00 00 
0x0x400ab0:7f fb ff ff d4 00 00 00 2d fc ff ff f4 00 00 00 
0x0x400ac0:f4 fd ff ff 14 01 00 00 64 fe ff ff 5c 01 00 00 
0x0x400ad0:14 00 00 00 00 00 00 00 01 7a 52 00 01 78 10 01 
0x0x400ae0:1b 0c 07 08 90 01 07 10 14 00 00 00 1c 00 00 00 
0x0x400af0:10 fa ff ff 2a 00 00 00 00 00 00 00 00 00 00 00 
0x0x400b00:14 00 00 00 00 00 00 00 01 7a 52 00 01 78 10 01 
0x0x400b10:1b 0c 07 08 90 01 00 00 24 00 00 00 1c 00 00 00 
0x0x400b20:70 f9 ff ff 60 00 00 00 00 0e 10 46 0e 18 4a 0f 
0x0x400b30:0b 77 08 80 00 3f 1a 3b 2a 33 24 22 00 00 00 00 
0x0x400b40:1c 00 00 00 44 00 00 00 ae fa ff ff 15 00 00 00 
0x0x400b50:00 41 0e 10 86 02 43 0d 06 50 0c 07 08 00 00 00 
0x0x400b60:1c 00 00 00 64 00 00 00 a3 fa ff ff ae 00 00 00 
0x0x400b70:00 41 0e 10 86 02 43 0d 06 02 a9 0c 07 08 00 00 
0x0x400b80:1c 00 00 00 84 00 00 00 31 fb ff ff b8 01 00 00 
0x0x400b90:00 41 0e 10 86 02 43 0d 06 00 00 00 00 00 00 00 
0x0x400ba0:44 00 00 00 a4 00 00 00 d8 fc ff ff 65 00 00 00 
0x0x400bb0:00 42 0e 10 8f 02 42 0e 18 8e 03 45 0e 20 8d 04 
0x0x400bc0:42 0e 28 8c 05 48 0e 30 86 06 48 0e 38 83 07 4d 
0x0x400bd0:0e 40 72 0e 38 41 0e 30 41 0e 28 42 0e 20 42 0e 
0x0x400be0:18 42 0e 10 42 0e 08 00 14 00 00 00 ec 00 00 00 
0x0x400bf0:00 fd ff ff 02 00 00 00 00 00 00 00 00 00 00 00 
0x0x400c00:00 00 00 00 00 00 00 00 00 00 00 00 00 00 00 00 
0x0x400c10:00 00 00 00 00 00 00 00 00 00 00 00 00 00 00 00 
0x0x400c20:00 00 00 00 00 00 00 00 00 00 00 00 00 00 00 00 
0x0x400c30:00 00 00 00 00 00 00 00 00 00 00 00 00 00 00 00 
0x0x400c40:00 00 00 00 00 00 00 00 00 00 00 00 00 00 00 00 
0x0x400c50:00 00 00 00 00 00 00 00 00 00 00 00 00 00 00 00 
0x0x400c60:00 00 00 00 00 00 00 00 00 00 00 00 00 00 00 00 
0x0x400c70:00 00 00 00 00 00 00 00 00 00 00 00 00 00 00 00 
0x0x400c80:00 00 00 00 00 00 00 00 00 00 00 00 00 00 00 00 
0x0x400c90:00 00 00 00 00 00 00 00 00 00 00 00 00 00 00 00 
0x0x400ca0:00 00 00 00 00 00 00 00 00 00 00 00 00 00 00 00 
0x0x400cb0:00 00 00 00 00 00 00 00 00 00 00 00 00 00 00 00 
0x0x400cc0:00 00 00 00 00 00 00 00 00 00 00 00 00 00 00 00 
0x0x400cd0:00 00 00 00 00 00 00 00 00 00 00 00 00 00 00 00 
0x0x400ce0:00 00 00 00 00 00 00 00 00 00 00 00 00 00 00 00 
0x0x400cf0:00 00 00 00 00 00 00 00 00 00 00 00 00 00 00 00 
0x0x400d00:00 00 00 00 00 00 00 00 00 00 00 00 00 00 00 00 
0x0x400d10:00 00 00 00 00 00 00 00 00 00 00 00 00 00 00 00 
0x0x400d20:00 00 00 00 00 00 00 00 00 00 00 00 00 00 00 00 
0x0x400d30:00 00 00 00 00 00 00 00 00 00 00 00 00 00 00 00 
0x0x400d40:00 00 00 00 00 00 00 00 00 00 00 00 00 00 00 00 
0x0x400d50:00 00 00 00 00 00 00 00 00 00 00 00 00 00 00 00 
0x0x400d60:00 00 00 00 00 00 00 00 00 00 00 00 00 00 00 00 
0x0x400d70:00 00 00 00 00 00 00 00 00 00 00 00 00 00 00 00 
0x0x400d80:00 00 00 00 00 00 00 00 00 00 00 00 00 00 00 00 
0x0x400d90:00 00 00 00 00 00 00 00 00 00 00 00 00 00 00 00 
0x0x400da0:00 00 00 00 00 00 00 00 00 00 00 00 00 00 00 00 
0x0x400db0:00 00 00 00 00 00 00 00 00 00 00 00 00 00 00 00 
0x0x400dc0:00 00 00 00 00 00 00 00 00 00 00 00 00 00 00 00 
0x0x400dd0:00 00 00 00 00 00 00 00 00 00 00 00 00 00 00 00 
0x0x400de0:00 00 00 00 00 00 00 00 00 00 00 00 00 00 00 00 
0x0x400df0:00 00 00 00 00 00 00 00 00 00 00 00 00 00 00 00 
0x0x400e00:00 00 00 00 00 00 00 00 00 00 00 00 00 00 00 00 
0x0x400e10:d0 05 40 00 00 00 00 00 b0 05 40 00 00 00 00 00 
0x0x400e20:00 00 00 00 00 00 00 00 01 00 00 00 00 00 00 00 
0x0x400e30:01 00 00 00 00 00 00 00 0c 00 00 00 00 00 00 00 
0x0x400e40:70 04 40 00 00 00 00 00 0d 00 00 00 00 00 00 00 
0x0x400e50:f4 08 40 00 00 00 00 00 19 00 00 00 00 00 00 00 
0x0x400e60:10 0e 60 00 00 00 00 00 1b 00 00 00 00 00 00 00 
0x0x400e70:08 00 00 00 00 00 00 00 1a 00 00 00 00 00 00 00 
0x0x400e80:18 0e 60 00 00 00 00 00 1c 00 00 00 00 00 00 00 
0x0x400e90:08 00 00 00 00 00 00 00 f5 fe ff 6f 00 00 00 00 
0x0x400ea0:98 02 40 00 00 00 00 00 05 00 00 00 00 00 00 00 
0x0x400eb0:60 03 40 00 00 00 00 00 06 00 00 00 00 00 00 00 
0x0x400ec0:b8 02 40 00 00 00 00 00 0a 00 00 00 00 00 00 00 
0x0x400ed0:52 00 00 00 00 00 00 00 0b 00 00 00 00 00 00 00 
0x0x400ee0:18 00 00 00 00 00 00 00 15 00 00 00 00 00 00 00 
0x0x400ef0:00 00 00 00 00 00 00 00 03 00 00 00 00 00 00 00 
0x0x400f00:00 10 60 00 00 00 00 00 02 00 00 00 00 00 00 00 
0x0x400f10:78 00 00 00 00 00 00 00 14 00 00 00 00 00 00 00 
0x0x400f20:07 00 00 00 00 00 00 00 17 00 00 00 00 00 00 00 
0x0x400f30:f8 03 40 00 00 00 00 00 07 00 00 00 00 00 00 00 
0x0x400f40:e0 03 40 00 00 00 00 00 08 00 00 00 00 00 00 00 
0x0x400f50:18 00 00 00 00 00 00 00 09 00 00 00 00 00 00 00 
0x0x400f60:18 00 00 00 00 00 00 00 fe ff ff 6f 00 00 00 00 
0x0x400f70:c0 03 40 00 00 00 00 00 ff ff ff 6f 00 00 00 00 
0x0x400f80:01 00 00 00 00 00 00 00 f0 ff ff 6f 00 00 00 00 
0x0x400f90:b2 03 40 00 00 00 00 00 00 00 00 00 00 00 00 00 
0x0x400fa0:00 00 00 00 00 00 00 00 00 00 00 00 00 00 00 00 
0x0x400fb0:00 00 00 00 00 00 00 00 00 00 00 00 00 00 00 00 
0x0x400fc0:00 00 00 00 00 00 00 00 00 00 00 00 00 00 00 00 
0x0x400fd0:00 00 00 00 00 00 00 00 00 00 00 00 00 00 00 00 
0x0x400fe0:00 00 00 00 00 00 00 00 00 00 00 00 00 00 00 00 
0x0x400ff0:00 00 00 00 00 00 00 00 00 00 00 00 00 00 00 00 
0x0x601000:28 0e 60 00 00 00 00 00 68 21 3d 97 38 7f 00 00 
0x0x601010:10 2e 1c 97 38 7f 00 00 90 22 e5 96 38 7f 00 00 
0x0x601020:b6 04 40 00 00 00 00 00 00 68 e3 96 38 7f 00 00 
0x0x601030:40 17 e0 96 38 7f 00 00 e6 04 40 00 00 00 00 00 
0x0x601040:00 00 00 00 00 00 00 00 00 00 00 00 00 00 00 00 
0x0x601050:06 00 00 00 00 00 00 00 14 09 40 00 00 00 00 00 
0x0x601060:00 00 00 00 00 00 00 00 00 00 00 00 00 00 00 00 
0x0x601070:00 00 00 00 00 00 00 00 00 00 00 00 00 00 00 00 
0x0x601080:00 00 00 00 00 00 00 00 00 00 00 00 00 00 00 00 
0x0x601090:00 00 00 00 00 00 00 00 00 00 00 00 00 00 00 00 
0x0x6010a0:00 00 00 00 00 00 00 00 00 00 00 00 00 00 00 00 
0x0x6010b0:00 00 00 00 00 00 00 00 00 00 00 00 00 00 00 00 
0x0x6010c0:00 00 00 00 00 00 00 00 00 00 00 00 00 00 00 00 
0x0x6010d0:00 00 00 00 00 00 00 00 00 00 00 00 00 00 00 00 
0x0x6010e0:00 00 00 00 00 00 00 00 00 00 00 00 00 00 00 00 
0x0x6010f0:00 00 00 00 00 00 00 00 00 00 00 00 00 00 00 00 
0x0x601100:00 00 00 00 00 00 00 00 00 00 00 00 00 00 00 00 
0x0x601110:00 00 00 00 00 00 00 00 00 00 00 00 00 00 00 00 
0x0x601120:00 00 00 00 00 00 00 00 00 00 00 00 00 00 00 00 
0x0x601130:00 00 00 00 00 00 00 00 00 00 00 00 00 00 00 00 
0x0x601140:00 00 00 00 00 00 00 00 00 00 00 00 00 00 00 00 
0x0x601150:00 00 00 00 00 00 00 00 00 00 00 00 00 00 00 00 
0x0x601160:00 00 00 00 00 00 00 00 00 00 00 00 00 00 00 00 
0x0x601170:00 00 00 00 00 00 00 00 00 00 00 00 00 00 00 00 
0x0x601180:00 00 00 00 00 00 00 00 00 00 00 00 00 00 00 00 
0x0x601190:00 00 00 00 00 00 00 00 00 00 00 00 00 00 00 00 
0x0x6011a0:00 00 00 00 00 00 00 00 00 00 00 00 00 00 00 00 
0x0x6011b0:00 00 00 00 00 00 00 00 00 00 00 00 00 00 00 00 
0x0x6011c0:00 00 00 00 00 00 00 00 00 00 00 00 00 00 00 00 
0x0x6011d0:00 00 00 00 00 00 00 00 00 00 00 00 00 00 00 00 
0x0x6011e0:00 00 00 00 00 00 00 00 00 00 00 00 00 00 00 00 
0x0x6011f0:00 00 00 00 00 00 00 00 00 00 00 00 00 00 00 00 
0x0x601200:00 00 00 00 00 00 00 00 00 00 00 00 00 00 00 00 
0x0x601210:00 00 00 00 00 00 00 00 00 00 00 00 00 00 00 00 
0x0x601220:00 00 00 00 00 00 00 00 00 00 00 00 00 00 00 00 
0x0x601230:00 00 00 00 00 00 00 00 00 00 00 00 00 00 00 00 
0x0x601240:00 00 00 00 00 00 00 00 00 00 00 00 00 00 00 00 
0x0x601250:00 00 00 00 00 00 00 00 00 00 00 00 00 00 00 00 
0x0x601260:00 00 00 00 00 00 00 00 00 00 00 00 00 00 00 00 
0x0x601270:00 00 00 00 00 00 00 00 00 00 00 00 00 00 00 00 
0x0x601280:00 00 00 00 00 00 00 00 00 00 00 00 00 00 00 00 
0x0x601290:00 00 00 00 00 00 00 00 00 00 00 00 00 00 00 00 
0x0x6012a0:00 00 00 00 00 00 00 00 00 00 00 00 00 00 00 00 
0x0x6012b0:00 00 00 00 00 00 00 00 00 00 00 00 00 00 00 00 
0x0x6012c0:00 00 00 00 00 00 00 00 00 00 00 00 00 00 00 00 
0x0x6012d0:00 00 00 00 00 00 00 00 00 00 00 00 00 00 00 00 
0x0x6012e0:00 00 00 00 00 00 00 00 00 00 00 00 00 00 00 00 
0x0x6012f0:00 00 00 00 00 00 00 00 00 00 00 00 00 00 00 00 
0x0x601300:00 00 00 00 00 00 00 00 00 00 00 00 00 00 00 00 
0x0x601310:00 00 00 00 00 00 00 00 00 00 00 00 00 00 00 00 
0x0x601320:00 00 00 00 00 00 00 00 00 00 00 00 00 00 00 00 
0x0x601330:00 00 00 00 00 00 00 00 00 00 00 00 00 00 00 00 
0x0x601340:00 00 00 00 00 00 00 00 00 00 00 00 00 00 00 00 
0x0x601350:00 00 00 00 00 00 00 00 00 00 00 00 00 00 00 00 
0x0x601360:00 00 00 00 00 00 00 00 00 00 00 00 00 00 00 00 
0x0x601370:00 00 00 00 00 00 00 00 00 00 00 00 00 00 00 00 
0x0x601380:00 00 00 00 00 00 00 00 00 00 00 00 00 00 00 00 
0x0x601390:00 00 00 00 00 00 00 00 00 00 00 00 00 00 00 00 
0x0x6013a0:00 00 00 00 00 00 00 00 00 00 00 00 00 00 00 00 
0x0x6013b0:00 00 00 00 00 00 00 00 00 00 00 00 00 00 00 00 
0x0x6013c0:00 00 00 00 00 00 00 00 00 00 00 00 00 00 00 00 
0x0x6013d0:00 00 00 00 00 00 00 00 00 00 00 00 00 00 00 00 
0x0x6013e0:00 00 00 00 00 00 00 00 00 00 00 00 00 00 00 00 
0x0x6013f0:00 00 00 00 00 00 00 00 00 00 00 00 00 00 00 00 
0x0x601400:00 00 00 00 00 00 00 00 00 00 00 00 00 00 00 00 
0x0x601410:00 00 00 00 00 00 00 00 00 00 00 00 00 00 00 00 
0x0x601420:00 00 00 00 00 00 00 00 00 00 00 00 00 00 00 00 
0x0x601430:00 00 00 00 00 00 00 00 00 00 00 00 00 00 00 00 
0x0x601440:00 00 00 00 00 00 00 00 00 00 00 00 00 00 00 00 
0x0x601450:00 00 00 00 00 00 00 00 00 00 00 00 00 00 00 00 
0x0x601460:00 00 00 00 00 00 00 00 00 00 00 00 00 00 00 00 
0x0x601470:00 00 00 00 00 00 00 00 00 00 00 00 00 00 00 00 
0x0x601480:00 00 00 00 00 00 00 00 00 00 00 00 00 00 00 00 
0x0x601490:00 00 00 00 00 00 00 00 00 00 00 00 00 00 00 00 
0x0x6014a0:00 00 00 00 00 00 00 00 00 00 00 00 00 00 00 00 
0x0x6014b0:00 00 00 00 00 00 00 00 00 00 00 00 00 00 00 00 
0x0x6014c0:00 00 00 00 00 00 00 00 00 00 00 00 00 00 00 00 
0x0x6014d0:00 00 00 00 00 00 00 00 00 00 00 00 00 00 00 00 
0x0x6014e0:00 00 00 00 00 00 00 00 00 00 00 00 00 00 00 00 
0x0x6014f0:00 00 00 00 00 00 00 00 00 00 00 00 00 00 00 00 
0x0x601500:00 00 00 00 00 00 00 00 00 00 00 00 00 00 00 00 
0x0x601510:00 00 00 00 00 00 00 00 00 00 00 00 00 00 00 00 
0x0x601520:00 00 00 00 00 00 00 00 00 00 00 00 00 00 00 00 
0x0x601530:00 00 00 00 00 00 00 00 00 00 00 00 00 00 00 00 
0x0x601540:00 00 00 00 00 00 00 00 00 00 00 00 00 00 00 00 
0x0x601550:00 00 00 00 00 00 00 00 00 00 00 00 00 00 00 00 
0x0x601560:00 00 00 00 00 00 00 00 00 00 00 00 00 00 00 00 
0x0x601570:00 00 00 00 00 00 00 00 00 00 00 00 00 00 00 00 
0x0x601580:00 00 00 00 00 00 00 00 00 00 00 00 00 00 00 00 
0x0x601590:00 00 00 00 00 00 00 00 00 00 00 00 00 00 00 00 
0x0x6015a0:00 00 00 00 00 00 00 00 00 00 00 00 00 00 00 00 
0x0x6015b0:00 00 00 00 00 00 00 00 00 00 00 00 00 00 00 00 
0x0x6015c0:00 00 00 00 00 00 00 00 00 00 00 00 00 00 00 00 
0x0x6015d0:00 00 00 00 00 00 00 00 00 00 00 00 00 00 00 00 
0x0x6015e0:00 00 00 00 00 00 00 00 00 00 00 00 00 00 00 00 
0x0x6015f0:00 00 00 00 00 00 00 00 00 00 00 00 00 00 00 00 
0x0x601600:00 00 00 00 00 00 00 00 00 00 00 00 00 00 00 00 
0x0x601610:00 00 00 00 00 00 00 00 00 00 00 00 00 00 00 00 
0x0x601620:00 00 00 00 00 00 00 00 00 00 00 00 00 00 00 00 
0x0x601630:00 00 00 00 00 00 00 00 00 00 00 00 00 00 00 00 
0x0x601640:00 00 00 00 00 00 00 00 00 00 00 00 00 00 00 00 
0x0x601650:00 00 00 00 00 00 00 00 00 00 00 00 00 00 00 00 
0x0x601660:00 00 00 00 00 00 00 00 00 00 00 00 00 00 00 00 
0x0x601670:00 00 00 00 00 00 00 00 00 00 00 00 00 00 00 00 
0x0x601680:00 00 00 00 00 00 00 00 00 00 00 00 00 00 00 00 
0x0x601690:00 00 00 00 00 00 00 00 00 00 00 00 00 00 00 00 
0x0x6016a0:00 00 00 00 00 00 00 00 00 00 00 00 00 00 00 00 
0x0x6016b0:00 00 00 00 00 00 00 00 00 00 00 00 00 00 00 00 
0x0x6016c0:00 00 00 00 00 00 00 00 00 00 00 00 00 00 00 00 
0x0x6016d0:00 00 00 00 00 00 00 00 00 00 00 00 00 00 00 00 
0x0x6016e0:00 00 00 00 00 00 00 00 00 00 00 00 00 00 00 00 
0x0x6016f0:00 00 00 00 00 00 00 00 00 00 00 00 00 00 00 00 
0x0x601700:00 00 00 00 00 00 00 00 00 00 00 00 00 00 00 00 
0x0x601710:00 00 00 00 00 00 00 00 00 00 00 00 00 00 00 00 
0x0x601720:00 00 00 00 00 00 00 00 00 00 00 00 00 00 00 00 
0x0x601730:00 00 00 00 00 00 00 00 00 00 00 00 00 00 00 00 
0x0x601740:00 00 00 00 00 00 00 00 00 00 00 00 00 00 00 00 
0x0x601750:00 00 00 00 00 00 00 00 00 00 00 00 00 00 00 00 
0x0x601760:00 00 00 00 00 00 00 00 00 00 00 00 00 00 00 00 
0x0x601770:00 00 00 00 00 00 00 00 00 00 00 00 00 00 00 00 
0x0x601780:00 00 00 00 00 00 00 00 00 00 00 00 00 00 00 00 
0x0x601790:00 00 00 00 00 00 00 00 00 00 00 00 00 00 00 00 
0x0x6017a0:00 00 00 00 00 00 00 00 00 00 00 00 00 00 00 00 
0x0x6017b0:00 00 00 00 00 00 00 00 00 00 00 00 00 00 00 00 
0x0x6017c0:00 00 00 00 00 00 00 00 00 00 00 00 00 00 00 00 
0x0x6017d0:00 00 00 00 00 00 00 00 00 00 00 00 00 00 00 00 
0x0x6017e0:00 00 00 00 00 00 00 00 00 00 00 00 00 00 00 00 
0x0x6017f0:00 00 00 00 00 00 00 00 00 00 00 00 00 00 00 00 
0x0x601800:00 00 00 00 00 00 00 00 00 00 00 00 00 00 00 00 
0x0x601810:00 00 00 00 00 00 00 00 00 00 00 00 00 00 00 00 
0x0x601820:00 00 00 00 00 00 00 00 00 00 00 00 00 00 00 00 
0x0x601830:00 00 00 00 00 00 00 00 00 00 00 00 00 00 00 00 
0x0x601840:00 00 00 00 00 00 00 00 00 00 00 00 00 00 00 00 
0x0x601850:00 00 00 00 00 00 00 00 00 00 00 00 00 00 00 00 
0x0x601860:00 00 00 00 00 00 00 00 00 00 00 00 00 00 00 00 
0x0x601870:00 00 00 00 00 00 00 00 00 00 00 00 00 00 00 00 
0x0x601880:00 00 00 00 00 00 00 00 00 00 00 00 00 00 00 00 
0x0x601890:00 00 00 00 00 00 00 00 00 00 00 00 00 00 00 00 
0x0x6018a0:00 00 00 00 00 00 00 00 00 00 00 00 00 00 00 00 
0x0x6018b0:00 00 00 00 00 00 00 00 00 00 00 00 00 00 00 00 
0x0x6018c0:00 00 00 00 00 00 00 00 00 00 00 00 00 00 00 00 
0x0x6018d0:00 00 00 00 00 00 00 00 00 00 00 00 00 00 00 00 
0x0x6018e0:00 00 00 00 00 00 00 00 00 00 00 00 00 00 00 00 
0x0x6018f0:00 00 00 00 00 00 00 00 00 00 00 00 00 00 00 00 
0x0x601900:00 00 00 00 00 00 00 00 00 00 00 00 00 00 00 00 
0x0x601910:00 00 00 00 00 00 00 00 00 00 00 00 00 00 00 00 
0x0x601920:00 00 00 00 00 00 00 00 00 00 00 00 00 00 00 00 
0x0x601930:00 00 00 00 00 00 00 00 00 00 00 00 00 00 00 00 
0x0x601940:00 00 00 00 00 00 00 00 00 00 00 00 00 00 00 00 
0x0x601950:00 00 00 00 00 00 00 00 00 00 00 00 00 00 00 00 
0x0x601960:00 00 00 00 00 00 00 00 00 00 00 00 00 00 00 00 
0x0x601970:00 00 00 00 00 00 00 00 00 00 00 00 00 00 00 00 
0x0x601980:00 00 00 00 00 00 00 00 00 00 00 00 00 00 00 00 
0x0x601990:00 00 00 00 00 00 00 00 00 00 00 00 00 00 00 00 
0x0x6019a0:00 00 00 00 00 00 00 00 00 00 00 00 00 00 00 00 
0x0x6019b0:00 00 00 00 00 00 00 00 00 00 00 00 00 00 00 00 
0x0x6019c0:00 00 00 00 00 00 00 00 00 00 00 00 00 00 00 00 
0x0x6019d0:00 00 00 00 00 00 00 00 00 00 00 00 00 00 00 00 
0x0x6019e0:00 00 00 00 00 00 00 00 00 00 00 00 00 00 00 00 
0x0x6019f0:00 00 00 00 00 00 00 00 00 00 00 00 00 00 00 00 
0x0x601a00:00 00 00 00 00 00 00 00 00 00 00 00 00 00 00 00 
0x0x601a10:00 00 00 00 00 00 00 00 00 00 00 00 00 00 00 00 
0x0x601a20:00 00 00 00 00 00 00 00 00 00 00 00 00 00 00 00 
0x0x601a30:00 00 00 00 00 00 00 00 00 00 00 00 00 00 00 00 
0x0x601a40:00 00 00 00 00 00 00 00 00 00 00 00 00 00 00 00 
0x0x601a50:00 00 00 00 00 00 00 00 00 00 00 00 00 00 00 00 
0x0x601a60:00 00 00 00 00 00 00 00 00 00 00 00 00 00 00 00 
0x0x601a70:00 00 00 00 00 00 00 00 00 00 00 00 00 00 00 00 
0x0x601a80:00 00 00 00 00 00 00 00 00 00 00 00 00 00 00 00 
0x0x601a90:00 00 00 00 00 00 00 00 00 00 00 00 00 00 00 00 
0x0x601aa0:00 00 00 00 00 00 00 00 00 00 00 00 00 00 00 00 
0x0x601ab0:00 00 00 00 00 00 00 00 00 00 00 00 00 00 00 00 
0x0x601ac0:00 00 00 00 00 00 00 00 00 00 00 00 00 00 00 00 
0x0x601ad0:00 00 00 00 00 00 00 00 00 00 00 00 00 00 00 00 
0x0x601ae0:00 00 00 00 00 00 00 00 00 00 00 00 00 00 00 00 
0x0x601af0:00 00 00 00 00 00 00 00 00 00 00 00 00 00 00 00 
0x0x601b00:00 00 00 00 00 00 00 00 00 00 00 00 00 00 00 00 
0x0x601b10:00 00 00 00 00 00 00 00 00 00 00 00 00 00 00 00 
0x0x601b20:00 00 00 00 00 00 00 00 00 00 00 00 00 00 00 00 
0x0x601b30:00 00 00 00 00 00 00 00 00 00 00 00 00 00 00 00 
0x0x601b40:00 00 00 00 00 00 00 00 00 00 00 00 00 00 00 00 
0x0x601b50:00 00 00 00 00 00 00 00 00 00 00 00 00 00 00 00 
0x0x601b60:00 00 00 00 00 00 00 00 00 00 00 00 00 00 00 00 
0x0x601b70:00 00 00 00 00 00 00 00 00 00 00 00 00 00 00 00 
0x0x601b80:00 00 00 00 00 00 00 00 00 00 00 00 00 00 00 00 
0x0x601b90:00 00 00 00 00 00 00 00 00 00 00 00 00 00 00 00 
0x0x601ba0:00 00 00 00 00 00 00 00 00 00 00 00 00 00 00 00 
0x0x601bb0:00 00 00 00 00 00 00 00 00 00 00 00 00 00 00 00 
0x0x601bc0:00 00 00 00 00 00 00 00 00 00 00 00 00 00 00 00 
0x0x601bd0:00 00 00 00 00 00 00 00 00 00 00 00 00 00 00 00 
0x0x601be0:00 00 00 00 00 00 00 00 00 00 00 00 00 00 00 00 
0x0x601bf0:00 00 00 00 00 00 00 00 00 00 00 00 00 00 00 00 
0x0x601c00:00 00 00 00 00 00 00 00 00 00 00 00 00 00 00 00 
0x0x601c10:00 00 00 00 00 00 00 00 00 00 00 00 00 00 00 00 
0x0x601c20:00 00 00 00 00 00 00 00 00 00 00 00 00 00 00 00 
0x0x601c30:00 00 00 00 00 00 00 00 00 00 00 00 00 00 00 00 
0x0x601c40:00 00 00 00 00 00 00 00 00 00 00 00 00 00 00 00 
0x0x601c50:00 00 00 00 00 00 00 00 00 00 00 00 00 00 00 00 
0x0x601c60:00 00 00 00 00 00 00 00 00 00 00 00 00 00 00 00 
0x0x601c70:00 00 00 00 00 00 00 00 00 00 00 00 00 00 00 00 
0x0x601c80:00 00 00 00 00 00 00 00 00 00 00 00 00 00 00 00 
0x0x601c90:00 00 00 00 00 00 00 00 00 00 00 00 00 00 00 00 
0x0x601ca0:00 00 00 00 00 00 00 00 00 00 00 00 00 00 00 00 
0x0x601cb0:00 00 00 00 00 00 00 00 00 00 00 00 00 00 00 00 
0x0x601cc0:00 00 00 00 00 00 00 00 00 00 00 00 00 00 00 00 
0x0x601cd0:00 00 00 00 00 00 00 00 00 00 00 00 00 00 00 00 
0x0x601ce0:00 00 00 00 00 00 00 00 00 00 00 00 00 00 00 00 
0x0x601cf0:00 00 00 00 00 00 00 00 00 00 00 00 00 00 00 00 
0x0x601d00:00 00 00 00 00 00 00 00 00 00 00 00 00 00 00 00 
0x0x601d10:00 00 00 00 00 00 00 00 00 00 00 00 00 00 00 00 
0x0x601d20:00 00 00 00 00 00 00 00 00 00 00 00 00 00 00 00 
0x0x601d30:00 00 00 00 00 00 00 00 00 00 00 00 00 00 00 00 
0x0x601d40:00 00 00 00 00 00 00 00 00 00 00 00 00 00 00 00 
0x0x601d50:00 00 00 00 00 00 00 00 00 00 00 00 00 00 00 00 
0x0x601d60:00 00 00 00 00 00 00 00 00 00 00 00 00 00 00 00 
0x0x601d70:00 00 00 00 00 00 00 00 00 00 00 00 00 00 00 00 
0x0x601d80:00 00 00 00 00 00 00 00 00 00 00 00 00 00 00 00 
0x0x601d90:00 00 00 00 00 00 00 00 00 00 00 00 00 00 00 00 
0x0x601da0:00 00 00 00 00 00 00 00 00 00 00 00 00 00 00 00 
0x0x601db0:00 00 00 00 00 00 00 00 00 00 00 00 00 00 00 00 
0x0x601dc0:00 00 00 00 00 00 00 00 00 00 00 00 00 00 00 00 
0x0x601dd0:00 00 00 00 00 00 00 00 00 00 00 00 00 00 00 00 
0x0x601de0:00 00 00 00 00 00 00 00 00 00 00 00 00 00 00 00 
0x0x601df0:00 00 00 00 00 00 00 00 00 00 00 00 00 00 00 00 
0x0x601e00:00 00 00 00 00 00 00 00 00 00 00 00 00 00 00 00 
0x0x601e10:00 00 00 00 00 00 00 00 00 00 00 00 00 00 00 00 
0x0x601e20:00 00 00 00 00 00 00 00 00 00 00 00 00 00 00 00 
0x0x601e30:00 00 00 00 00 00 00 00 00 00 00 00 00 00 00 00 
0x0x601e40:00 00 00 00 00 00 00 00 00 00 00 00 00 00 00 00 
0x0x601e50:00 00 00 00 00 00 00 00 00 00 00 00 00 00 00 00 
0x0x601e60:00 00 00 00 00 00 00 00 00 00 00 00 00 00 00 00 
0x0x601e70:00 00 00 00 00 00 00 00 00 00 00 00 00 00 00 00 
0x0x601e80:00 00 00 00 00 00 00 00 00 00 00 00 00 00 00 00 
0x0x601e90:00 00 00 00 00 00 00 00 00 00 00 00 00 00 00 00 
0x0x601ea0:00 00 00 00 00 00 00 00 00 00 00 00 00 00 00 00 
0x0x601eb0:00 00 00 00 00 00 00 00 00 00 00 00 00 00 00 00 
0x0x601ec0:00 00 00 00 00 00 00 00 00 00 00 00 00 00 00 00 
0x0x601ed0:00 00 00 00 00 00 00 00 00 00 00 00 00 00 00 00 
0x0x601ee0:00 00 00 00 00 00 00 00 00 00 00 00 00 00 00 00
0x0x601ef0:00 00 00 00 00 00 00 00 00 00 00 00 00 00 00 00
0x0x601f00:00 00 00 00 00 00 00 00 00 00 00 00 00 00 00 00
0x0x601f10:00 00 00 00 00 00 00 00 00 00 00 00 00 00 00 00
0x0x601f20:00 00 00 00 00 00 00 00 00 00 00 00 00 00 00 00
0x0x601f30:00 00 00 00 00 00 00 00 00 00 00 00 00 00 00 00
0x0x601f40:00 00 00 00 00 00 00 00 00 00 00 00 00 00 00 00
0x0x601f50:00 00 00 00 00 00 00 00 00 00 00 00 00 00 00 00
0x0x601f60:00 00 00 00 00 00 00 00 00 00 00 00 00 00 00 00
0x0x601f70:00 00 00 00 00 00 00 00 00 00 00 00 00 00 00 00
0x0x601f80:00 00 00 00 00 00 00 00 00 00 00 00 00 00 00 00
0x0x601f90:00 00 00 00 00 00 00 00 00 00 00 00 00 00 00 00
0x0x601fa0:00 00 00 00 00 00 00 00 00 00 00 00 00 00 00 00
0x0x601fb0:00 00 00 00 00 00 00 00 00 00 00 00 00 00 00 00
0x0x601fc0:00 00 00 00 00 00 00 00 00 00 00 00 00 00 00 00
0x0x601fd0:00 00 00 00 00 00 00 00 00 00 00 00 00 00 00 00
0x0x601fe0:00 00 00 00 00 00 00 00 00 00 00 00 00 00 00 00
0x0x601ff0:00 00 00 00 00 00 00 00 00 00 00 00 00 00 00 00
=============begin================
count = 1
main 0x4006b9
g addr 0x60106c,value 5
f addr 0x400910, value 0
m addr 0x601050, value 6
func addr 0x4005f6
string addr 0x601058, content nece to meet you value 0x400914
s addr 0x601064, s value 0
string again nece to meet you
array addr 0x400930,content glad to talk to you value 0x400930
func called
=============end================
=============begin================
count = 2
main 0x4006b9
g addr 0x60106c,value 6
f addr 0x400910, value 0
m addr 0x601050, value 6
func addr 0x4005f6
string addr 0x601058, content nece to meet you value 0x400914
s addr 0x601064, s value 0
string again nece to meet you
array addr 0x400930,content glad to talk to you value 0x400930
func called
=============end================
=============begin================
count = 3
main 0x4006b9
g addr 0x60106c,value 7
f addr 0x400910, value 0
m addr 0x601050, value 6
func addr 0x4005f6
string addr 0x601058, content nece to meet you value 0x400914
s addr 0x601064, s value 0
string again nece to meet you
array addr 0x400930,content glad to talk to you value 0x400930
func called
=============end================